nohup: ignoring input
✅ Server running on http://localhost:3000
📁 Views directory: /home/madah/webb/bellanjs_anti/views
✅ Connected to MySQL database via Pool
Error: Failed to lookup view "vendors/index" in views directory "/home/madah/webb/bellanjs_anti/views"
    at Function.render (/home/madah/webb/bellanjs_anti/node_modules/express/lib/application.js:597:17)
    at ServerResponse.render (/home/madah/webb/bellanjs_anti/node_modules/express/lib/response.js:1049:7)
    at /home/madah/webb/bellanjs_anti/routes/vendors.js:7:9
    at Layer.handle [as handle_request] (/home/madah/webb/bellanjs_anti/node_modules/express/lib/router/layer.js:95:5)
    at next (/home/madah/webb/bellanjs_anti/node_modules/express/lib/router/route.js:149:13)
    at Route.dispatch (/home/madah/webb/bellanjs_anti/node_modules/express/lib/router/route.js:119:3)
    at Layer.handle [as handle_request] (/home/madah/webb/bellanjs_anti/node_modules/express/lib/router/layer.js:95:5)
    at /home/madah/webb/bellanjs_anti/node_modules/express/lib/router/index.js:284:15
    at Function.process_params (/home/madah/webb/bellanjs_anti/node_modules/express/lib/router/index.js:346:12)
    at next (/home/madah/webb/bellanjs_anti/node_modules/express/lib/router/index.js:280:10)
Error: Failed to lookup view "vendors/index" in views directory "/home/madah/webb/bellanjs_anti/views"
    at Function.render (/home/madah/webb/bellanjs_anti/node_modules/express/lib/application.js:597:17)
    at ServerResponse.render (/home/madah/webb/bellanjs_anti/node_modules/express/lib/response.js:1049:7)
    at /home/madah/webb/bellanjs_anti/routes/vendors.js:7:9
    at Layer.handle [as handle_request] (/home/madah/webb/bellanjs_anti/node_modules/express/lib/router/layer.js:95:5)
    at next (/home/madah/webb/bellanjs_anti/node_modules/express/lib/router/route.js:149:13)
    at Route.dispatch (/home/madah/webb/bellanjs_anti/node_modules/express/lib/router/route.js:119:3)
    at Layer.handle [as handle_request] (/home/madah/webb/bellanjs_anti/node_modules/express/lib/router/layer.js:95:5)
    at /home/madah/webb/bellanjs_anti/node_modules/express/lib/router/index.js:284:15
    at Function.process_params (/home/madah/webb/bellanjs_anti/node_modules/express/lib/router/index.js:346:12)
    at next (/home/madah/webb/bellanjs_anti/node_modules/express/lib/router/index.js:280:10)
ReferenceError: /home/madah/webb/bellanjs_anti/views/vendors/index.ejs:65
    63|                 <form method="GET" action="/vendors/data" style="display: flex;">
    64|                     <input type="text" name="search" placeholder="بحث عن مورد..." 
 >> 65|                            value="<%= search %>" 
    66|                            style="padding: 10px; border: 1px solid #ddd; border-radius: 5px; width: 250px;">
    67|                     <button type="submit" style="background: #3498db; color: white; border: none; 
    68|                              padding: 10px 15px; border-radius: 5px; margin-right: 5px; cursor: pointer;">

search is not defined
    at eval ("/home/madah/webb/bellanjs_anti/views/vendors/index.ejs":16:26)
    at index (/home/madah/webb/bellanjs_anti/node_modules/ejs/lib/ejs.js:703:17)
    at tryHandleCache (/home/madah/webb/bellanjs_anti/node_modules/ejs/lib/ejs.js:274:36)
    at exports.renderFile [as engine] (/home/madah/webb/bellanjs_anti/node_modules/ejs/lib/ejs.js:491:10)
    at View.render (/home/madah/webb/bellanjs_anti/node_modules/express/lib/view.js:135:8)
    at tryRender (/home/madah/webb/bellanjs_anti/node_modules/express/lib/application.js:657:10)
    at Function.render (/home/madah/webb/bellanjs_anti/node_modules/express/lib/application.js:609:3)
    at ServerResponse.render (/home/madah/webb/bellanjs_anti/node_modules/express/lib/response.js:1049:7)
    at /home/madah/webb/bellanjs_anti/routes/vendors.js:7:9
    at Layer.handle [as handle_request] (/home/madah/webb/bellanjs_anti/node_modules/express/lib/router/layer.js:95:5)
ReferenceError: /home/madah/webb/bellanjs_anti/views/vendors/index.ejs:65
    63|                 <form method="GET" action="/vendors/data" style="display: flex;">
    64|                     <input type="text" name="search" placeholder="بحث عن مورد..." 
 >> 65|                            value="<%= search %>" 
    66|                            style="padding: 10px; border: 1px solid #ddd; border-radius: 5px; width: 250px;">
    67|                     <button type="submit" style="background: #3498db; color: white; border: none; 
    68|                              padding: 10px 15px; border-radius: 5px; margin-right: 5px; cursor: pointer;">

search is not defined
    at eval ("/home/madah/webb/bellanjs_anti/views/vendors/index.ejs":16:26)
    at index (/home/madah/webb/bellanjs_anti/node_modules/ejs/lib/ejs.js:703:17)
    at tryHandleCache (/home/madah/webb/bellanjs_anti/node_modules/ejs/lib/ejs.js:274:36)
    at exports.renderFile [as engine] (/home/madah/webb/bellanjs_anti/node_modules/ejs/lib/ejs.js:491:10)
    at View.render (/home/madah/webb/bellanjs_anti/node_modules/express/lib/view.js:135:8)
    at tryRender (/home/madah/webb/bellanjs_anti/node_modules/express/lib/application.js:657:10)
    at Function.render (/home/madah/webb/bellanjs_anti/node_modules/express/lib/application.js:609:3)
    at ServerResponse.render (/home/madah/webb/bellanjs_anti/node_modules/express/lib/response.js:1049:7)
    at /home/madah/webb/bellanjs_anti/routes/vendors.js:7:9
    at Layer.handle [as handle_request] (/home/madah/webb/bellanjs_anti/node_modules/express/lib/router/layer.js:95:5)
ReferenceError: /home/madah/webb/bellanjs_anti/views/vendors/index.ejs:65
    63|                 <form method="GET" action="/vendors/data" style="display: flex;">
    64|                     <input type="text" name="search" placeholder="بحث عن مورد..." 
 >> 65|                            value="<%= search %>" 
    66|                            style="padding: 10px; border: 1px solid #ddd; border-radius: 5px; width: 250px;">
    67|                     <button type="submit" style="background: #3498db; color: white; border: none; 
    68|                              padding: 10px 15px; border-radius: 5px; margin-right: 5px; cursor: pointer;">

search is not defined
    at eval ("/home/madah/webb/bellanjs_anti/views/vendors/index.ejs":16:26)
    at index (/home/madah/webb/bellanjs_anti/node_modules/ejs/lib/ejs.js:703:17)
    at tryHandleCache (/home/madah/webb/bellanjs_anti/node_modules/ejs/lib/ejs.js:274:36)
    at exports.renderFile [as engine] (/home/madah/webb/bellanjs_anti/node_modules/ejs/lib/ejs.js:491:10)
    at View.render (/home/madah/webb/bellanjs_anti/node_modules/express/lib/view.js:135:8)
    at tryRender (/home/madah/webb/bellanjs_anti/node_modules/express/lib/application.js:657:10)
    at Function.render (/home/madah/webb/bellanjs_anti/node_modules/express/lib/application.js:609:3)
    at ServerResponse.render (/home/madah/webb/bellanjs_anti/node_modules/express/lib/response.js:1049:7)
    at /home/madah/webb/bellanjs_anti/routes/vendors.js:7:9
    at Layer.handle [as handle_request] (/home/madah/webb/bellanjs_anti/node_modules/express/lib/router/layer.js:95:5)
